# JRE version: Java(TM) SE Runtime Environment (19.0.1+10) (build 19.0.1+10-21)
# Java VM: Java HotSpot(TM) 64-Bit Server VM (19.0.1+10-21, mixed mode, emulated-client, sharing, tiered, compressed oops, compressed class ptrs, g1 gc, windows-amd64)
GC Precious Log:
 CardTable entry size: 512
 Card Set container configuration: InlinePtr #cards 4 size 8 Array Of Cards #cards 16 size 48 Howl #buckets 8 coarsen threshold 3686 Howl Bitmap #cards 512 size 80 coarsen threshold 460 Card regions per heap region 1 cards per card region 4096
 CPUs: 16 total, 16 available
 Memory: 15774M
 Large Page Support: Disabled
 NUMA Support: Disabled
 Compressed Oops: Enabled (Zero based)
 Heap Region Size: 2M
 Heap Min Capacity: 8M
 Heap Initial Capacity: 248M
 Heap Max Capacity: 3944M
 Pre-touch: Disabled
 Parallel Workers: 13
 Concurrent Workers: 3
 Concurrent Refinement Workers: 13
 Periodic GC: Disabled
Heap:
 garbage-first heap   total 81920K, used 27462K [0x0000000709800000, 0x0000000800000000)
  region size 2048K, 3 young (6144K), 2 survivors (4096K)
 Metaspace       used 59656K, committed 60352K, reserved 1114112K
  class space    used 8264K, committed 8576K, reserved 1048576K
GC Heap History (20 events):
Event: 0.332 GC heap before
{Heap before GC invocations=0 (full 0):
 garbage-first heap   total 253952K, used 20480K [0x0000000709800000, 0x0000000800000000)
  region size 2048K, 11 young (22528K), 0 survivors (0K)
 Metaspace       used 4395K, committed 4608K, reserved 1114112K
  class space    used 504K, committed 640K, reserved 1048576K
}
Event: 0.335 GC heap after
{Heap after GC invocations=1 (full 0):
 garbage-first heap   total 253952K, used 7157K [0x0000000709800000, 0x0000000800000000)
  region size 2048K, 2 young (4096K), 2 survivors (4096K)
 Metaspace       used 4395K, committed 4608K, reserved 1114112K
  class space    used 504K, committed 640K, reserved 1048576K
}
Event: 0.663 GC heap before
{Heap before GC invocations=1 (full 0):
 garbage-first heap   total 253952K, used 29685K [0x0000000709800000, 0x0000000800000000)
  region size 2048K, 14 young (28672K), 2 survivors (4096K)
 Metaspace       used 9813K, committed 10112K, reserved 1114112K
  class space    used 1195K, committed 1344K, reserved 1048576K
}
Event: 0.668 GC heap after
{Heap after GC invocations=2 (full 0):
 garbage-first heap   total 253952K, used 9382K [0x0000000709800000, 0x0000000800000000)
  region size 2048K, 2 young (4096K), 2 survivors (4096K)
 Metaspace       used 9813K, committed 10112K, reserved 1114112K
  class space    used 1195K, committed 1344K, reserved 1048576K
}
Event: 1.152 GC heap before
{Heap before GC invocations=2 (full 0):
 garbage-first heap   total 253952K, used 58534K [0x0000000709800000, 0x0000000800000000)
  region size 2048K, 28 young (57344K), 2 survivors (4096K)
 Metaspace       used 21201K, committed 21504K, reserved 1114112K
  class space    used 2745K, committed 2880K, reserved 1048576K
}
Event: 1.156 GC heap after
{Heap after GC invocations=3 (full 0):
 garbage-first heap   total 253952K, used 13523K [0x0000000709800000, 0x0000000800000000)
  region size 2048K, 4 young (8192K), 4 survivors (8192K)
 Metaspace       used 21201K, committed 21504K, reserved 1114112K
  class space    used 2745K, committed 2880K, reserved 1048576K
}
Event: 1.477 GC heap before
{Heap before GC invocations=4 (full 0):
 garbage-first heap   total 61440K, used 48339K [0x0000000709800000, 0x0000000800000000)
  region size 2048K, 21 young (43008K), 4 survivors (8192K)
 Metaspace       used 24742K, committed 25088K, reserved 1114112K
  class space    used 3259K, committed 3392K, reserved 1048576K
}
Event: 1.480 GC heap after
{Heap after GC invocations=5 (full 0):
 garbage-first heap   total 61440K, used 15541K [0x0000000709800000, 0x0000000800000000)
  region size 2048K, 2 young (4096K), 2 survivors (4096K)
 Metaspace       used 24742K, committed 25088K, reserved 1114112K
  class space    used 3259K, committed 3392K, reserved 1048576K
}
Event: 1.511 GC heap before
{Heap before GC invocations=5 (full 0):
 garbage-first heap   total 61440K, used 17589K [0x0000000709800000, 0x0000000800000000)
  region size 2048K, 3 young (6144K), 2 survivors (4096K)
 Metaspace       used 24949K, committed 25344K, reserved 1114112K
  class space    used 3293K, committed 3456K, reserved 1048576K
}
Event: 1.513 GC heap after
{Heap after GC invocations=6 (full 0):
 garbage-first heap   total 157696K, used 15559K [0x0000000709800000, 0x0000000800000000)
  region size 2048K, 1 young (2048K), 1 survivors (2048K)
 Metaspace       used 24949K, committed 25344K, reserved 1114112K
  class space    used 3293K, committed 3456K, reserved 1048576K
}
Event: 2.439 GC heap before
{Heap before GC invocations=6 (full 0):
 garbage-first heap   total 157696K, used 76999K [0x0000000709800000, 0x0000000800000000)
  region size 2048K, 33 young (67584K), 1 survivors (2048K)
 Metaspace       used 35380K, committed 35968K, reserved 1114112K
  class space    used 4775K, committed 5056K, reserved 1048576K
}
Event: 2.444 GC heap after
{Heap after GC invocations=7 (full 0):
 garbage-first heap   total 157696K, used 20678K [0x0000000709800000, 0x0000000800000000)
  region size 2048K, 3 young (6144K), 3 survivors (6144K)
 Metaspace       used 35380K, committed 35968K, reserved 1114112K
  class space    used 4775K, committed 5056K, reserved 1048576K
}
Event: 3.257 GC heap before
{Heap before GC invocations=8 (full 0):
 garbage-first heap   total 81920K, used 63686K [0x0000000709800000, 0x0000000800000000)
  region size 2048K, 24 young (49152K), 3 survivors (6144K)
 Metaspace       used 47001K, committed 47680K, reserved 1114112K
  class space    used 6341K, committed 6656K, reserved 1048576K
}
Event: 3.262 GC heap after
{Heap after GC invocations=9 (full 0):
 garbage-first heap   total 81920K, used 24383K [0x0000000709800000, 0x0000000800000000)
  region size 2048K, 2 young (4096K), 2 survivors (4096K)
 Metaspace       used 47001K, committed 47680K, reserved 1114112K
  class space    used 6341K, committed 6656K, reserved 1048576K
}
Event: 3.297 GC heap before
{Heap before GC invocations=9 (full 0):
 garbage-first heap   total 81920K, used 26431K [0x0000000709800000, 0x0000000800000000)
  region size 2048K, 3 young (6144K), 2 survivors (4096K)
 Metaspace       used 47261K, committed 48000K, reserved 1114112K
  class space    used 6378K, committed 6720K, reserved 1048576K
}
Event: 3.299 GC heap after
{Heap after GC invocations=10 (full 0):
 garbage-first heap   total 81920K, used 24976K [0x0000000709800000, 0x0000000800000000)
  region size 2048K, 1 young (2048K), 1 survivors (2048K)
 Metaspace       used 47261K, committed 48000K, reserved 1114112K
  class space    used 6378K, committed 6720K, reserved 1048576K
}
Event: 3.877 GC heap before
{Heap before GC invocations=10 (full 0):
 garbage-first heap   total 81920K, used 57744K [0x0000000709800000, 0x0000000800000000)
  region size 2048K, 18 young (36864K), 1 survivors (2048K)
 Metaspace       used 55810K, committed 56448K, reserved 1114112K
  class space    used 7764K, committed 8064K, reserved 1048576K
}
Event: 3.879 GC heap after
{Heap after GC invocations=11 (full 0):
 garbage-first heap   total 81920K, used 25895K [0x0000000709800000, 0x0000000800000000)
  region size 2048K, 1 young (2048K), 1 survivors (2048K)
 Metaspace       used 55810K, committed 56448K, reserved 1114112K
  class space    used 7764K, committed 8064K, reserved 1048576K
}
Event: 4.299 GC heap before
{Heap before GC invocations=11 (full 0):
 garbage-first heap   total 81920K, used 42279K [0x0000000709800000, 0x0000000800000000)
  region size 2048K, 10 young (20480K), 1 survivors (2048K)
 Metaspace       used 59611K, committed 60288K, reserved 1114112K
  class space    used 8258K, committed 8576K, reserved 1048576K
}
Event: 4.302 GC heap after
{Heap after GC invocations=12 (full 0):
 garbage-first heap   total 81920K, used 27462K [0x0000000709800000, 0x0000000800000000)
  region size 2048K, 2 young (4096K), 2 survivors (4096K)
 Metaspace       used 59611K, committed 60288K, reserved 1114112K
  class space    used 8258K, committed 8576K, reserved 1048576K
}

